Simple vs Random
  0 1 2 3 4 5 6 7 
0 B W B W B W B W 
1 W B W B W B W B 
2 B W B W B W B W 
3 W B W B W B W B 
4 B W B W B W B W 
5 W B W B W B W B 
6 B W B W B W B W 
7 W B W B W B W B 

player B's turn
[0, 0, 0, 0]
  0 1 2 3 4 5 6 7 
0 . W B W B W B W 
1 W B W B W B W B 
2 B W B W B W B W 
3 W B W B W B W B 
4 B W B W B W B W 
5 W B W B W B W B 
6 B W B W B W B W 
7 W B W B W B W B 

player W's turn
[0, 1, 0, 1]
  0 1 2 3 4 5 6 7 
0 . . B W B W B W 
1 W B W B W B W B 
2 B W B W B W B W 
3 W B W B W B W B 
4 B W B W B W B W 
5 W B W B W B W B 
6 B W B W B W B W 
7 W B W B W B W B 

player B's turn
[2, 0, 0, 0]
  0 1 2 3 4 5 6 7 
0 B . B W B W B W 
1 . B W B W B W B 
2 . W B W B W B W 
3 W B W B W B W B 
4 B W B W B W B W 
5 W B W B W B W B 
6 B W B W B W B W 
7 W B W B W B W B 

player W's turn
[0, 3, 0, 1]
  0 1 2 3 4 5 6 7 
0 B W . . B W B W 
1 . B W B W B W B 
2 . W B W B W B W 
3 W B W B W B W B 
4 B W B W B W B W 
5 W B W B W B W B 
6 B W B W B W B W 
7 W B W B W B W B 

player B's turn
[0, 0, 0, 2]
  0 1 2 3 4 5 6 7 
0 . . B . B W B W 
1 . B W B W B W B 
2 . W B W B W B W 
3 W B W B W B W B 
4 B W B W B W B W 
5 W B W B W B W B 
6 B W B W B W B W 
7 W B W B W B W B 

player W's turn
[0, 5, 0, 3]
  0 1 2 3 4 5 6 7 
0 . . B W . . B W 
1 . B W B W B W B 
2 . W B W B W B W 
3 W B W B W B W B 
4 B W B W B W B W 
5 W B W B W B W B 
6 B W B W B W B W 
7 W B W B W B W B 

player B's turn
[0, 2, 0, 4]
  0 1 2 3 4 5 6 7 
0 . . . . B . B W 
1 . B W B W B W B 
2 . W B W B W B W 
3 W B W B W B W B 
4 B W B W B W B W 
5 W B W B W B W B 
6 B W B W B W B W 
7 W B W B W B W B 

player W's turn
[0, 7, 0, 5]
  0 1 2 3 4 5 6 7 
0 . . . . B W . . 
1 . B W B W B W B 
2 . W B W B W B W 
3 W B W B W B W B 
4 B W B W B W B W 
5 W B W B W B W B 
6 B W B W B W B W 
7 W B W B W B W B 

player B's turn
[0, 4, 0, 6]
  0 1 2 3 4 5 6 7 
0 . . . . . . B . 
1 . B W B W B W B 
2 . W B W B W B W 
3 W B W B W B W B 
4 B W B W B W B W 
5 W B W B W B W B 
6 B W B W B W B W 
7 W B W B W B W B 

player W's turn
[2, 1, 0, 1]
  0 1 2 3 4 5 6 7 
0 . W . . . . B . 
1 . . W B W B W B 
2 . . B W B W B W 
3 W B W B W B W B 
4 B W B W B W B W 
5 W B W B W B W B 
6 B W B W B W B W 
7 W B W B W B W B 

player B's turn
[1, 3, 1, 1]
  0 1 2 3 4 5 6 7 
0 . W . . . . B . 
1 . B . . W B W B 
2 . . B W B W B W 
3 W B W B W B W B 
4 B W B W B W B W 
5 W B W B W B W B 
6 B W B W B W B W 
7 W B W B W B W B 

player W's turn
[4, 1, 2, 1]
  0 1 2 3 4 5 6 7 
0 . W . . . . B . 
1 . B . . W B W B 
2 . W B W B W B W 
3 W . W B W B W B 
4 B . B W B W B W 
5 W B W B W B W B 
6 B W B W B W B W 
7 W B W B W B W B 

player B's turn
[1, 1, 3, 1]
  0 1 2 3 4 5 6 7 
0 . W . . . . B . 
1 . . . . W B W B 
2 . . B W B W B W 
3 W B W B W B W B 
4 B . B W B W B W 
5 W B W B W B W B 
6 B W B W B W B W 
7 W B W B W B W B 

player W's turn
[4, 3, 4, 1]
  0 1 2 3 4 5 6 7 
0 . W . . . . B . 
1 . . . . W B W B 
2 . . B W B W B W 
3 W B W B W B W B 
4 B W . . B W B W 
5 W B W B W B W B 
6 B W B W B W B W 
7 W B W B W B W B 

player B's turn
[1, 5, 1, 3]
  0 1 2 3 4 5 6 7 
0 . W . . . . B . 
1 . . . B . . W B 
2 . . B W B W B W 
3 W B W B W B W B 
4 B W . . B W B W 
5 W B W B W B W B 
6 B W B W B W B W 
7 W B W B W B W B 

player W's turn
[2, 7, 0, 7]
  0 1 2 3 4 5 6 7 
0 . W . . . . B W 
1 . . . B . . W . 
2 . . B W B W B . 
3 W B W B W B W B 
4 B W . . B W B W 
5 W B W B W B W B 
6 B W B W B W B W 
7 W B W B W B W B 

player B's turn
[2, 2, 4, 2]
  0 1 2 3 4 5 6 7 
0 . W . . . . B W 
1 . . . B . . W . 
2 . . . W B W B . 
3 W B . B W B W B 
4 B W B . B W B W 
5 W B W B W B W B 
6 B W B W B W B W 
7 W B W B W B W B 

player W's turn
[4, 5, 4, 3]
  0 1 2 3 4 5 6 7 
0 . W . . . . B W 
1 . . . B . . W . 
2 . . . W B W B . 
3 W B . B W B W B 
4 B W B W . . B W 
5 W B W B W B W B 
6 B W B W B W B W 
7 W B W B W B W B 

player B's turn
[2, 4, 4, 4]
  0 1 2 3 4 5 6 7 
0 . W . . . . B W 
1 . . . B . . W . 
2 . . . W . W B . 
3 W B . B . B W B 
4 B W B W B . B W 
5 W B W B W B W B 
6 B W B W B W B W 
7 W B W B W B W B 

player W's turn
[5, 4, 3, 4]
  0 1 2 3 4 5 6 7 
0 . W . . . . B W 
1 . . . B . . W . 
2 . . . W . W B . 
3 W B . B W B W B 
4 B W B W . . B W 
5 W B W B . B W B 
6 B W B W B W B W 
7 W B W B W B W B 

player B's turn
[2, 6, 2, 4]
  0 1 2 3 4 5 6 7 
0 . W . . . . B W 
1 . . . B . . W . 
2 . . . W B . . . 
3 W B . B W B W B 
4 B W B W . . B W 
5 W B W B . B W B 
6 B W B W B W B W 
7 W B W B W B W B 

player W's turn
[6, 5, 4, 5]
  0 1 2 3 4 5 6 7 
0 . W . . . . B W 
1 . . . B . . W . 
2 . . . W B . . . 
3 W B . B W B W B 
4 B W B W . W B W 
5 W B W B . . W B 
6 B W B W B . B W 
7 W B W B W B W B 

player B's turn
[0, 6, 2, 6]
  0 1 2 3 4 5 6 7 
0 . W . . . . . W 
1 . . . B . . . . 
2 . . . W B . B . 
3 W B . B W B W B 
4 B W B W . W B W 
5 W B W B . . W B 
6 B W B W B . B W 
7 W B W B W B W B 

player W's turn
[6, 7, 6, 5]
  0 1 2 3 4 5 6 7 
0 . W . . . . . W 
1 . . . B . . . . 
2 . . . W B . B . 
3 W B . B W B W B 
4 B W B W . W B W 
5 W B W B . . W B 
6 B W B W B W . . 
7 W B W B W B W B 

player B's turn
[2, 4, 4, 4]
  0 1 2 3 4 5 6 7 
0 . W . . . . . W 
1 . . . B . . . . 
2 . . . W . . B . 
3 W B . B . B W B 
4 B W B W B W B W 
5 W B W B . . W B 
6 B W B W B W . . 
7 W B W B W B W B 

player W's turn
[3, 0, 3, 2]
  0 1 2 3 4 5 6 7 
0 . W . . . . . W 
1 . . . B . . . . 
2 . . . W . . B . 
3 . . W B . B W B 
4 B W B W B W B W 
5 W B W B . . W B 
6 B W B W B W . . 
7 W B W B W B W B 

player B's turn
[3, 3, 3, 1]
  0 1 2 3 4 5 6 7 
0 . W . . . . . W 
1 . . . B . . . . 
2 . . . W . . B . 
3 . B . . . B W B 
4 B W B W B W B W 
5 W B W B . . W B 
6 B W B W B W . . 
7 W B W B W B W B 

player W's turn
[5, 0, 3, 0]
  0 1 2 3 4 5 6 7 
0 . W . . . . . W 
1 . . . B . . . . 
2 . . . W . . B . 
3 W B . . . B W B 
4 . W B W B W B W 
5 . B W B . . W B 
6 B W B W B W . . 
7 W B W B W B W B 

player B's turn
[1, 3, 3, 3]
  0 1 2 3 4 5 6 7 
0 . W . . . . . W 
1 . . . . . . . . 
2 . . . . . . B . 
3 W B . B . B W B 
4 . W B W B W B W 
5 . B W B . . W B 
6 B W B W B W . . 
7 W B W B W B W B 

player W's turn
[5, 2, 3, 2]
  0 1 2 3 4 5 6 7 
0 . W . . . . . W 
1 . . . . . . . . 
2 . . . . . . B . 
3 W B W B . B W B 
4 . W . W B W B W 
5 . B . B . . W B 
6 B W B W B W . . 
7 W B W B W B W B 

player B's turn
[3, 5, 5, 5]
  0 1 2 3 4 5 6 7 
0 . W . . . . . W 
1 . . . . . . . . 
2 . . . . . . B . 
3 W B W B . . W B 
4 . W . W B . B W 
5 . B . B . B W B 
6 B W B W B W . . 
7 W B W B W B W B 

player W's turn
[4, 3, 2, 3]
  0 1 2 3 4 5 6 7 
0 . W . . . . . W 
1 . . . . . . . . 
2 . . . W . . B . 
3 W B W . . . W B 
4 . W . . B . B W 
5 . B . B . B W B 
6 B W B W B W . . 
7 W B W B W B W B 

player B's turn
[3, 1, 3, 3]
  0 1 2 3 4 5 6 7 
0 . W . . . . . W 
1 . . . . . . . . 
2 . . . W . . B . 
3 W . . B . . W B 
4 . W . . B . B W 
5 . B . B . B W B 
6 B W B W B W . . 
7 W B W B W B W B 

player W's turn
[6, 5, 4, 5]
  0 1 2 3 4 5 6 7 
0 . W . . . . . W 
1 . . . . . . . . 
2 . . . W . . B . 
3 W . . B . . W B 
4 . W . . B W B W 
5 . B . B . . W B 
6 B W B W B . . . 
7 W B W B W B W B 

player B's turn
[3, 3, 1, 3]
  0 1 2 3 4 5 6 7 
0 . W . . . . . W 
1 . . . B . . . . 
2 . . . . . . B . 
3 W . . . . . W B 
4 . W . . B W B W 
5 . B . B . . W B 
6 B W B W B . . . 
7 W B W B W B W B 

player W's turn
[7, 4, 3, 4]
  0 1 2 3 4 5 6 7 
0 . W . . . . . W 
1 . . . B . . . . 
2 . . . . . . B . 
3 W . . . W . W B 
4 . W . . . W B W 
5 . B . B . . W B 
6 B W B W . . . . 
7 W B W B . B W B 

player B's turn
[3, 7, 3, 5]
  0 1 2 3 4 5 6 7 
0 . W . . . . . W 
1 . . . B . . . . 
2 . . . . . . B . 
3 W . . . W B . . 
4 . W . . . W B W 
5 . B . B . . W B 
6 B W B W . . . . 
7 W B W B . B W B 

player W's turn
[6, 3, 4, 3]
  0 1 2 3 4 5 6 7 
0 . W . . . . . W 
1 . . . B . . . . 
2 . . . . . . B . 
3 W . . . W B . . 
4 . W . W . W B W 
5 . B . . . . W B 
6 B W B . . . . . 
7 W B W B . B W B 

player B's turn
[3, 5, 5, 5]
  0 1 2 3 4 5 6 7 
0 . W . . . . . W 
1 . . . B . . . . 
2 . . . . . . B . 
3 W . . . W . . . 
4 . W . W . . B W 
5 . B . . . B W B 
6 B W B . . . . . 
7 W B W B . B W B 

player W's turn
[7, 2, 5, 2]
  0 1 2 3 4 5 6 7 
0 . W . . . . . W 
1 . . . B . . . . 
2 . . . . . . B . 
3 W . . . W . . . 
4 . W . W . . B W 
5 . B W . . B W B 
6 B W . . . . . . 
7 W B . B . B W B 

player B's turn
[4, 6, 6, 6]
  0 1 2 3 4 5 6 7 
0 . W . . . . . W 
1 . . . B . . . . 
2 . . . . . . B . 
3 W . . . W . . . 
4 . W . W . . . W 
5 . B W . . B . B 
6 B W . . . . B . 
7 W B . B . B W B 

player W's turn
[7, 0, 7, 2]
  0 1 2 3 4 5 6 7 
0 . W . . . . . W 
1 . . . B . . . . 
2 . . . . . . B . 
3 W . . . W . . . 
4 . W . W . . . W 
5 . B W . . B . B 
6 B W . . . . B . 
7 . . W B . B W B 

player B's turn
[5, 1, 3, 1]
  0 1 2 3 4 5 6 7 
0 . W . . . . . W 
1 . . . B . . . . 
2 . . . . . . B . 
3 W B . . W . . . 
4 . . . W . . . W 
5 . . W . . B . B 
6 B W . . . . B . 
7 . . W B . B W B 

player W's turn
[3, 0, 3, 2]
  0 1 2 3 4 5 6 7 
0 . W . . . . . W 
1 . . . B . . . . 
2 . . . . . . B . 
3 . . W . W . . . 
4 . . . W . . . W 
5 . . W . . B . B 
6 B W . . . . B . 
7 . . W B . B W B 

player B's turn
[5, 7, 3, 7]
  0 1 2 3 4 5 6 7 
0 . W . . . . . W 
1 . . . B . . . . 
2 . . . . . . B . 
3 . . W . W . . B 
4 . . . W . . . . 
5 . . W . . B . . 
6 B W . . . . B . 
7 . . W B . B W B 

player W's turn
[7, 6, 7, 4]
  0 1 2 3 4 5 6 7 
0 . W . . . . . W 
1 . . . B . . . . 
2 . . . . . . B . 
3 . . W . W . . B 
4 . . . W . . . . 
5 . . W . . B . . 
6 B W . . . . B . 
7 . . W B W . . B 

player B's turn
[6, 0, 6, 2]
  0 1 2 3 4 5 6 7 
0 . W . . . . . W 
1 . . . B . . . . 
2 . . . . . . B . 
3 . . W . W . . B 
4 . . . W . . . . 
5 . . W . . B . . 
6 . . B . . . B . 
7 . . W B W . . B 

player W's turn
Game over: Random loses.
